2023-03-16 20:44:27,414 [INFO] Activator:176 - 


2023-03-16 20:44:27,417 [INFO] Activator:177 - !SESSION log4j initialized
2023-03-16 20:44:29,511 [INFO] ApplicationProperties:184 - Using Application install path: C:\ST\STM32CubeIDE_1.11.2\STM32CubeIDE\plugins\com.st.stm32cube.common.mx_6.8.0.202302231600
2023-03-16 20:44:29,526 [INFO] DbMcusXml:78 - Set database path to: C:\ST\STM32CubeIDE_1.11.2\STM32CubeIDE\plugins\com.st.stm32cube.common.mx_6.8.0.202302231600\\db\/mcu/
2023-03-16 20:44:29,526 [INFO] ApiDb:274 - Set plugin database path to: C:\ST\STM32CubeIDE_1.11.2\STM32CubeIDE\plugins\com.st.stm32cube.common.mx_6.8.0.202302231600\\db\/plugins/boardmanager/
2023-03-16 20:44:29,529 [WARN] ApiDb:259 - Overriding images path with different value:  => C:\ST\STM32CubeIDE_1.11.2\STM32CubeIDE\plugins\com.st.stm32cube.common.mx_6.8.0.202302231600\\db\/plugins/mcufinder/images/
2023-03-16 20:44:29,543 [INFO] ApiDb:250 - Set database path to: C:\Users\huber\.stmcufinder\plugins\mcufinder//mcu/
2023-03-16 20:44:29,545 [INFO] DbMcusAds:125 - Set database path to: C:\Users\huber\.stmcufinder\plugins\mcufinder//mcu/
2023-03-16 20:44:29,600 [INFO] CrossReferenceDbSqlite:203 - Set database path to: C:\Users\huber\.stmcufinder\plugins\mcufinder//mcu/cs/
2023-03-16 20:44:29,679 [INFO] RulesReader:64 - Compatibility file has been processed (293 Rules)
2023-03-16 20:44:29,770 [INFO] DbMcusXml:78 - Set database path to: C:\ST\STM32CubeIDE_1.11.2\STM32CubeIDE\plugins\com.st.stm32cube.common.mx_6.8.0.202302231600\\db\/mcu/
2023-03-16 20:44:29,770 [INFO] ApiDb:274 - Set plugin database path to: C:\ST\STM32CubeIDE_1.11.2\STM32CubeIDE\plugins\com.st.stm32cube.common.mx_6.8.0.202302231600\\db\/plugins/boardmanager/
2023-03-16 20:44:29,770 [INFO] ApiDb:261 - Set plugin images path to: C:\ST\STM32CubeIDE_1.11.2\STM32CubeIDE\plugins\com.st.stm32cube.common.mx_6.8.0.202302231600\\db\/plugins/mcufinder/images/
2023-03-16 20:44:29,770 [WARN] DbFile:41 - Overriding database path with different value: C:\Users\huber\.stmcufinder\plugins\mcufinder/ => C:\Users\huber\.stmcufinder\plugins\mcufinder
2023-03-16 20:44:29,770 [INFO] ApiDb:250 - Set database path to: C:\Users\huber\.stmcufinder\plugins\mcufinder//mcu/
2023-03-16 20:44:29,770 [WARN] DbFile:41 - Overriding database path with different value: C:\Users\huber\.stmcufinder\plugins\mcufinder/ => C:\Users\huber\.stmcufinder\plugins\mcufinder
2023-03-16 20:44:29,770 [INFO] DbMcusAds:125 - Set database path to: C:\Users\huber\.stmcufinder\plugins\mcufinder//mcu/
2023-03-16 20:44:29,770 [WARN] DbFile:41 - Overriding database path with different value: C:\Users\huber\.stmcufinder\plugins\mcufinder/ => C:\Users\huber\.stmcufinder\plugins\mcufinder
2023-03-16 20:44:29,771 [WARN] DbFile:41 - Overriding database path with different value: C:\Users\huber\.stmcufinder\plugins\mcufinder/ => C:\Users\huber\.stmcufinder\plugins\mcufinder
2023-03-16 20:44:29,771 [INFO] CrossReferenceDbSqlite:203 - Set database path to: C:\Users\huber\.stmcufinder\plugins\mcufinder//mcu/cs/
2023-03-16 20:44:29,832 [INFO] MainPanel:253 - HeapMemory: 268435456
2023-03-16 20:44:29,900 [INFO] DbMcusXml:78 - Set database path to: C:\ST\STM32CubeIDE_1.11.2\STM32CubeIDE\plugins\com.st.stm32cube.common.mx_6.8.0.202302231600\\db\/mcu/
2023-03-16 20:44:29,900 [INFO] ApiDb:274 - Set plugin database path to: C:\ST\STM32CubeIDE_1.11.2\STM32CubeIDE\plugins\com.st.stm32cube.common.mx_6.8.0.202302231600\\db\/plugins/boardmanager/
2023-03-16 20:44:29,900 [INFO] ApiDb:261 - Set plugin images path to: C:\ST\STM32CubeIDE_1.11.2\STM32CubeIDE\plugins\com.st.stm32cube.common.mx_6.8.0.202302231600\\db\/plugins/mcufinder/images/
2023-03-16 20:44:29,900 [WARN] DbFile:41 - Overriding database path with different value: C:\Users\huber\.stmcufinder\plugins\mcufinder/ => C:\Users\huber\.stmcufinder\plugins\mcufinder
2023-03-16 20:44:29,900 [INFO] ApiDb:250 - Set database path to: C:\Users\huber\.stmcufinder\plugins\mcufinder//mcu/
2023-03-16 20:44:29,900 [WARN] DbFile:41 - Overriding database path with different value: C:\Users\huber\.stmcufinder\plugins\mcufinder/ => C:\Users\huber\.stmcufinder\plugins\mcufinder
2023-03-16 20:44:29,900 [INFO] DbMcusAds:125 - Set database path to: C:\Users\huber\.stmcufinder\plugins\mcufinder//mcu/
2023-03-16 20:44:29,900 [WARN] DbFile:41 - Overriding database path with different value: C:\Users\huber\.stmcufinder\plugins\mcufinder/ => C:\Users\huber\.stmcufinder\plugins\mcufinder
2023-03-16 20:44:29,900 [WARN] DbFile:41 - Overriding database path with different value: C:\Users\huber\.stmcufinder\plugins\mcufinder/ => C:\Users\huber\.stmcufinder\plugins\mcufinder
2023-03-16 20:44:29,900 [INFO] CrossReferenceDbSqlite:203 - Set database path to: C:\Users\huber\.stmcufinder\plugins\mcufinder//mcu/cs/
2023-03-16 20:44:29,914 [INFO] ApplicationProperties:184 - Using Application install path: C:\ST\STM32CubeIDE_1.11.2\STM32CubeIDE\plugins\com.st.stm32cube.common.mx_6.8.0.202302231600
2023-03-16 20:44:29,916 [INFO] PluginManage:196 - Search for loadable plugins [exclusion list=, ]
2023-03-16 20:44:29,917 [INFO] PluginManage:310 - Check plugin analytics
2023-03-16 20:44:30,110 [INFO] AnalyticsPlugin:253 - Accepted Software Licenses: 
2023-03-16 20:44:30,110 [INFO] AnalyticsPlugin:255 - Accepted CMSIS Pack Licenses: 
2023-03-16 20:44:30,110 [INFO] AnalyticsPlugin:257 - Accepted Firmware Licenses: 
2023-03-16 20:44:30,117 [INFO] PluginManage:359 - Loaded plugin analytics (category:tool,tabindex:-1)
2023-03-16 20:44:30,117 [INFO] PluginManage:310 - Check plugin cadmodel
2023-03-16 20:44:30,181 [INFO] CADModel:105 - Init CAD model plugin
2023-03-16 20:44:30,181 [INFO] PluginManage:359 - Loaded plugin cadmodel (category:power,tabindex:5)
2023-03-16 20:44:30,181 [INFO] PluginManage:310 - Check plugin clock
2023-03-16 20:44:30,198 [INFO] PluginManage:359 - Loaded plugin clock (category:base,tabindex:2)
2023-03-16 20:44:30,199 [INFO] PluginManage:310 - Check plugin ddr
2023-03-16 20:44:30,201 [INFO] PluginManage:359 - Loaded plugin ddr (category:tool,tabindex:6)
2023-03-16 20:44:30,201 [INFO] PluginManage:310 - Check plugin filemanager
2023-03-16 20:44:30,303 [INFO] PluginManage:359 - Loaded plugin filemanager (category:base,tabindex:10)
2023-03-16 20:44:30,304 [INFO] PluginManage:310 - Check plugin ipmanager
2023-03-16 20:44:30,309 [INFO] PluginManage:359 - Loaded plugin ipmanager (category:base,tabindex:5)
2023-03-16 20:44:30,309 [INFO] PluginManage:310 - Check plugin lpbam
2023-03-16 20:44:30,321 [INFO] PluginManage:359 - Loaded plugin lpbam (category:base,tabindex:0)
2023-03-16 20:44:30,321 [INFO] PluginManage:310 - Check plugin pinoutandconfiguration
2023-03-16 20:44:30,333 [INFO] PluginManage:359 - Loaded plugin pinoutandconfiguration (category:base,tabindex:1)
2023-03-16 20:44:30,333 [INFO] PluginManage:310 - Check plugin pinoutconfig
2023-03-16 20:44:30,410 [WARN] SupportedApi:132 - Cannot load RTOS API schema: s4s-elt-must-match.1: The content of 'definitions' must match (annotation?, (simpleType | complexType)?, (unique | key | keyref)*)). A problem was found starting at: attribute.
2023-03-16 20:44:30,514 [INFO] PluginManage:359 - Loaded plugin pinoutconfig (category:base,tabindex:0)
2023-03-16 20:44:30,514 [INFO] PluginManage:310 - Check plugin power
2023-03-16 20:44:30,529 [INFO] PluginManage:359 - Loaded plugin power (category:power,tabindex:4)
2023-03-16 20:44:30,529 [INFO] PluginManage:310 - Check plugin projectmanager
2023-03-16 20:44:30,541 [INFO] PluginManage:359 - Loaded plugin projectmanager (category:projectmanager,tabindex:3)
2023-03-16 20:44:30,541 [INFO] PluginManage:310 - Check plugin thirdparty
2023-03-16 20:44:30,700 [INFO] PluginManage:359 - Loaded plugin thirdparty (category:base,tabindex:-1)
2023-03-16 20:44:30,700 [INFO] PluginManage:310 - Check plugin tools
2023-03-16 20:44:30,700 [WARN] IntegrityCheckThread:84 - waiting for thirdparty lock release [integrity check]
2023-03-16 20:44:30,700 [INFO] IntegrityCheckThread:86 - entering critical section [integrity check]
2023-03-16 20:44:30,702 [INFO] ThirdPartyUpdaterWithRetryManager:70 - Updater plugin not ready yet. [1/15]
2023-03-16 20:44:30,717 [INFO] PluginManage:359 - Loaded plugin tools (category:base,tabindex:7)
2023-03-16 20:44:30,717 [INFO] PluginManage:310 - Check plugin tutovideos
2023-03-16 20:44:30,857 [INFO] PluginManage:359 - Loaded plugin tutovideos (category:base,tabindex:-1)
2023-03-16 20:44:30,857 [INFO] PluginManage:310 - Check plugin updater
2023-03-16 20:44:30,867 [INFO] PluginManage:359 - Loaded plugin updater (category:base,tabindex:12)
2023-03-16 20:44:30,868 [INFO] PluginManage:283 - PluginManage : Loaded plugins [15]
2023-03-16 20:44:31,076 [INFO] PinOutPanel:1499 - setPackage(No Configuration,No Configuration)
2023-03-16 20:44:31,125 [INFO] CADModel:165 - CPN selected for project level
2023-03-16 20:44:31,126 [INFO] CADModel:114 - Register for checkConnection events
2023-03-16 20:44:31,144 [INFO] IPUIPlugin:80 - create IPUIPlugin
2023-03-16 20:44:31,144 [INFO] PluginManager:220 - loadIPPluginJar : add adc
2023-03-16 20:44:31,164 [INFO] IPUIPlugin:80 - create IPUIPlugin
2023-03-16 20:44:31,164 [INFO] PluginManager:220 - loadIPPluginJar : add aes
2023-03-16 20:44:31,185 [INFO] IPUIPlugin:80 - create IPUIPlugin
2023-03-16 20:44:31,185 [INFO] PluginManager:220 - loadIPPluginJar : add can
2023-03-16 20:44:31,198 [INFO] IPUIPlugin:80 - create IPUIPlugin
2023-03-16 20:44:31,198 [INFO] PluginManager:220 - loadIPPluginJar : add comp
2023-03-16 20:44:31,216 [INFO] IPUIPlugin:80 - create IPUIPlugin
2023-03-16 20:44:31,216 [INFO] PluginManager:220 - loadIPPluginJar : add cryp
2023-03-16 20:44:31,231 [INFO] IPUIPlugin:80 - create IPUIPlugin
2023-03-16 20:44:31,231 [INFO] PluginManager:220 - loadIPPluginJar : add dfsdm
2023-03-16 20:44:31,241 [INFO] IPUIPlugin:80 - create IPUIPlugin
2023-03-16 20:44:31,241 [INFO] PluginManager:220 - loadIPPluginJar : add dma
2023-03-16 20:44:31,264 [INFO] IPUIPlugin:80 - create IPUIPlugin
2023-03-16 20:44:31,264 [INFO] PluginManager:220 - loadIPPluginJar : add dma3
2023-03-16 20:44:31,275 [INFO] IPUIPlugin:80 - create IPUIPlugin
2023-03-16 20:44:31,275 [INFO] PluginManager:220 - loadIPPluginJar : add fatfs
2023-03-16 20:44:31,300 [INFO] IPUIPlugin:80 - create IPUIPlugin
2023-03-16 20:44:31,300 [INFO] PluginManager:220 - loadIPPluginJar : add fmc
2023-03-16 20:44:31,311 [INFO] IPUIPlugin:80 - create IPUIPlugin
2023-03-16 20:44:31,311 [INFO] PluginManager:220 - loadIPPluginJar : add freertos
2023-03-16 20:44:31,323 [INFO] IPUIPlugin:80 - create IPUIPlugin
2023-03-16 20:44:31,323 [INFO] PluginManager:220 - loadIPPluginJar : add genericplugin
2023-03-16 20:44:31,368 [INFO] IPUIPlugin:80 - create IPUIPlugin
2023-03-16 20:44:31,369 [INFO] PluginManager:220 - loadIPPluginJar : add gfxmmu
2023-03-16 20:44:31,436 [INFO] IPUIPlugin:80 - create IPUIPlugin
2023-03-16 20:44:31,437 [INFO] PluginManager:220 - loadIPPluginJar : add gic
2023-03-16 20:44:31,445 [INFO] IPUIPlugin:80 - create IPUIPlugin
2023-03-16 20:44:31,445 [INFO] PluginManager:220 - loadIPPluginJar : add gpio
2023-03-16 20:44:31,496 [INFO] IPUIPlugin:80 - create IPUIPlugin
2023-03-16 20:44:31,496 [INFO] PluginManager:220 - loadIPPluginJar : add gtzc
2023-03-16 20:44:31,513 [INFO] IPUIPlugin:80 - create IPUIPlugin
2023-03-16 20:44:31,514 [INFO] PluginManager:220 - loadIPPluginJar : add hash
2023-03-16 20:44:31,542 [INFO] IPUIPlugin:80 - create IPUIPlugin
2023-03-16 20:44:31,542 [INFO] PluginManager:220 - loadIPPluginJar : add i2c
2023-03-16 20:44:31,563 [INFO] IPUIPlugin:80 - create IPUIPlugin
2023-03-16 20:44:31,563 [INFO] PluginManager:220 - loadIPPluginJar : add i2s
2023-03-16 20:44:31,586 [INFO] IPUIPlugin:80 - create IPUIPlugin
2023-03-16 20:44:31,586 [INFO] PluginManager:220 - loadIPPluginJar : add i3c
2023-03-16 20:44:31,650 [INFO] IPUIPlugin:80 - create IPUIPlugin
2023-03-16 20:44:31,650 [INFO] PluginManager:220 - loadIPPluginJar : add ipddr
2023-03-16 20:44:31,699 [INFO] IPUIPlugin:80 - create IPUIPlugin
2023-03-16 20:44:31,699 [INFO] PluginManager:220 - loadIPPluginJar : add linkedlist
2023-03-16 20:44:31,717 [INFO] IPUIPlugin:80 - create IPUIPlugin
2023-03-16 20:44:31,717 [INFO] PluginManager:220 - loadIPPluginJar : add lorawan
2023-03-16 20:44:31,735 [INFO] IPUIPlugin:80 - create IPUIPlugin
2023-03-16 20:44:31,735 [INFO] PluginManager:220 - loadIPPluginJar : add ltdc
2023-03-16 20:44:31,744 [INFO] IPUIPlugin:80 - create IPUIPlugin
2023-03-16 20:44:31,744 [INFO] PluginManager:220 - loadIPPluginJar : add mdma
2023-03-16 20:44:31,752 [INFO] IPUIPlugin:80 - create IPUIPlugin
2023-03-16 20:44:31,752 [INFO] PluginManager:220 - loadIPPluginJar : add nvic
2023-03-16 20:44:31,771 [INFO] IPUIPlugin:80 - create IPUIPlugin
2023-03-16 20:44:31,771 [INFO] PluginManager:220 - loadIPPluginJar : add opamp
2023-03-16 20:44:31,802 [INFO] IPUIPlugin:80 - create IPUIPlugin
2023-03-16 20:44:31,802 [INFO] PluginManager:220 - loadIPPluginJar : add openamp
2023-03-16 20:44:31,824 [INFO] IPUIPlugin:80 - create IPUIPlugin
2023-03-16 20:44:31,824 [INFO] PluginManager:220 - loadIPPluginJar : add pdm2pcm
2023-03-16 20:44:31,835 [INFO] IPUIPlugin:80 - create IPUIPlugin
2023-03-16 20:44:31,837 [INFO] PluginManager:220 - loadIPPluginJar : add plateformsettings
2023-03-16 20:44:31,849 [INFO] IPUIPlugin:80 - create IPUIPlugin
2023-03-16 20:44:31,849 [INFO] PluginManager:220 - loadIPPluginJar : add quadspi
2023-03-16 20:44:31,858 [INFO] IPUIPlugin:80 - create IPUIPlugin
2023-03-16 20:44:31,858 [INFO] PluginManager:220 - loadIPPluginJar : add resmgrutility
2023-03-16 20:44:31,885 [INFO] IPUIPlugin:80 - create IPUIPlugin
2023-03-16 20:44:31,885 [INFO] PluginManager:220 - loadIPPluginJar : add sai
2023-03-16 20:44:31,905 [INFO] IPUIPlugin:80 - create IPUIPlugin
2023-03-16 20:44:31,905 [INFO] PluginManager:220 - loadIPPluginJar : add spi
2023-03-16 20:44:31,938 [INFO] IPUIPlugin:80 - create IPUIPlugin
2023-03-16 20:44:31,938 [INFO] PluginManager:220 - loadIPPluginJar : add stm32_wpan
2023-03-16 20:44:31,951 [INFO] IPUIPlugin:80 - create IPUIPlugin
2023-03-16 20:44:31,951 [INFO] PluginManager:220 - loadIPPluginJar : add tim
2023-03-16 20:44:31,981 [INFO] IPUIPlugin:80 - create IPUIPlugin
2023-03-16 20:44:31,982 [INFO] PluginManager:220 - loadIPPluginJar : add touchsensing
2023-03-16 20:44:31,995 [INFO] IPUIPlugin:80 - create IPUIPlugin
2023-03-16 20:44:31,995 [INFO] PluginManager:220 - loadIPPluginJar : add tracer_emb
2023-03-16 20:44:32,008 [INFO] IPUIPlugin:80 - create IPUIPlugin
2023-03-16 20:44:32,008 [INFO] PluginManager:220 - loadIPPluginJar : add ts
2023-03-16 20:44:32,020 [INFO] IPUIPlugin:80 - create IPUIPlugin
2023-03-16 20:44:32,020 [INFO] PluginManager:220 - loadIPPluginJar : add tsc
2023-03-16 20:44:32,032 [INFO] IPUIPlugin:80 - create IPUIPlugin
2023-03-16 20:44:32,032 [INFO] PluginManager:220 - loadIPPluginJar : add ucpd
2023-03-16 20:44:32,054 [INFO] IPUIPlugin:80 - create IPUIPlugin
2023-03-16 20:44:32,055 [INFO] PluginManager:220 - loadIPPluginJar : add usart
2023-03-16 20:44:32,078 [INFO] IPUIPlugin:80 - create IPUIPlugin
2023-03-16 20:44:32,078 [INFO] PluginManager:220 - loadIPPluginJar : add usbx
2023-03-16 20:44:32,190 [INFO] CADModel:165 - CPN selected for project level
2023-03-16 20:44:32,190 [INFO] CADModel:114 - Register for checkConnection events
2023-03-16 20:44:32,190 [FATAL] Updater:308 - Updater called before beeing initialized
2023-03-16 20:44:32,190 [ERROR] CADModel:125 - Updater not yet initialized, retry later 
2023-03-16 20:44:32,287 [INFO] CADModel:165 - CPN selected for project level
2023-03-16 20:44:32,287 [INFO] CADModel:114 - Register for checkConnection events
2023-03-16 20:44:32,287 [FATAL] Updater:308 - Updater called before beeing initialized
2023-03-16 20:44:32,287 [ERROR] CADModel:125 - Updater not yet initialized, retry later 
2023-03-16 20:44:32,290 [FATAL] Updater:308 - Updater called before beeing initialized
2023-03-16 20:44:32,367 [FATAL] Updater:308 - Updater called before beeing initialized
2023-03-16 20:44:32,376 [INFO] DbMcusAds:53 - JSON generation date=Tue Mar 07 09:50:55 CET 2023 (1678179055114)
2023-03-16 20:44:32,376 [FATAL] Updater:308 - Updater called before beeing initialized
2023-03-16 20:44:32,425 [WARN] DetailPanel:346 - Failed to get advertising image, set to default
2023-03-16 20:44:32,513 [FATAL] Updater:308 - Updater called before beeing initialized
2023-03-16 20:44:32,515 [FATAL] Updater:308 - Updater called before beeing initialized
2023-03-16 20:44:32,515 [FATAL] Updater:308 - Updater called before beeing initialized
2023-03-16 20:44:32,515 [WARN] DetailPanel:346 - Failed to get advertising image, set to default
2023-03-16 20:44:32,516 [FATAL] Updater:308 - Updater called before beeing initialized
2023-03-16 20:44:32,559 [ERROR] Updater:1120 - MainUpdater not yet initialized. External WinMGr cannot be set.
2023-03-16 20:44:32,565 [INFO] Updater:1056 - Updater Version found : 6.8.0
2023-03-16 20:44:32,579 [INFO] ApplicationProperties:184 - Using Application install path: C:\ST\STM32CubeIDE_1.11.2\STM32CubeIDE\plugins\com.st.stm32cube.common.mx_6.8.0.202302231600
2023-03-16 20:44:33,543 [INFO] MainUpdater:2854 - connection check result : 10
2023-03-16 20:44:33,544 [INFO] MainUpdater:283 - Updater Check For Update Now.
2023-03-16 20:44:33,544 [INFO] MicroXplorer:498 - Change Database Version : DB.6.0.80
2023-03-16 20:44:33,707 [INFO] CheckServerUpdateThread:120 - End of CheckServer Thread
2023-03-16 20:44:33,784 [INFO] MainUpdater:2854 - connection check result : 10
2023-03-16 20:44:33,789 [INFO] MainUpdater:2854 - connection check result : 10
2023-03-16 20:44:33,813 [WARN] PackLoader:240 - Cannot read IP mode file for STMicroelectronics.X-CUBE-GNSS1.6.0.0
2023-03-16 20:44:33,868 [WARN] PackLoader:240 - Cannot read IP mode file for STMicroelectronics.X-CUBE-AZRTOS-F4.1.1.0
2023-03-16 20:44:33,895 [WARN] PackLoader:240 - Cannot read IP mode file for STMicroelectronics.X-CUBE-AZRTOS-F7.1.1.0
2023-03-16 20:44:33,906 [WARN] PackLoader:240 - Cannot read IP mode file for STMicroelectronics.X-CUBE-BLE1.6.2.4
2023-03-16 20:44:33,920 [WARN] PackLoader:240 - Cannot read IP mode file for emotas.I-CUBE-CANOPEN.1.1.3
2023-03-16 20:44:33,933 [WARN] PackLoader:240 - Cannot read IP mode file for STMicroelectronics.X-CUBE-BLEMGR.2.0.0
2023-03-16 20:44:33,945 [WARN] PackLoader:240 - Cannot read IP mode file for STMicroelectronics.X-CUBE-DISPLAY.3.0.0
2023-03-16 20:44:33,956 [WARN] PackLoader:240 - Cannot read IP mode file for wolfSSL.I-CUBE-wolfSSL.5.5.4
2023-03-16 20:44:33,964 [WARN] PackLoader:240 - Cannot read IP mode file for STMicroelectronics.X-CUBE-NFC7.1.0.0
2023-03-16 20:44:33,972 [WARN] PackLoader:240 - Cannot read IP mode file for STMicroelectronics.X-CUBE-EEPRMA1.4.1.0
2023-03-16 20:44:33,973 [INFO] MicroXplorer:468 - Change Database Path : 
2023-03-16 20:44:33,973 [INFO] MicroXplorer:498 - Change Database Version : DB.6.0.80
2023-03-16 20:44:33,974 [WARN] ThirdParty:871 - waiting for thirdparty lock release [close project]
2023-03-16 20:44:33,983 [WARN] PackLoader:240 - Cannot read IP mode file for STMicroelectronics.X-CUBE-SFXS2LP1.4.0.0
2023-03-16 20:44:33,992 [WARN] PackLoader:240 - Cannot read IP mode file for STMicroelectronics.X-CUBE-BLE2.3.3.0
2023-03-16 20:44:34,006 [WARN] PackLoader:240 - Cannot read IP mode file for STMicroelectronics.X-CUBE-TOF1.3.2.0
2023-03-16 20:44:34,036 [WARN] PackLoader:240 - Cannot read IP mode file for STMicroelectronics.X-CUBE-AZRTOS-H7.3.0.0
2023-03-16 20:44:34,047 [WARN] PackLoader:240 - Cannot read IP mode file for STMicroelectronics.X-CUBE-ISPU.1.1.0
2023-03-16 20:44:34,060 [WARN] PackLoader:240 - Cannot read IP mode file for RoweBots.I-CUBE-UNISONRTOS.5.5.0-4
2023-03-16 20:44:34,069 [WARN] PackLoader:240 - Cannot read IP mode file for STMicroelectronics.X-CUBE-AI.8.0.0
2023-03-16 20:44:34,078 [WARN] PackLoader:240 - Cannot read IP mode file for STMicroelectronics.X-CUBE-FREERTOS.1.0.0
2023-03-16 20:44:34,087 [WARN] PackLoader:240 - Cannot read IP mode file for STMicroelectronics.X-CUBE-TOUCHGFX.4.21.1
2023-03-16 20:44:34,096 [WARN] PackLoader:240 - Cannot read IP mode file for STMicroelectronics.X-CUBE-ALGOBUILD.1.3.0
2023-03-16 20:44:34,112 [WARN] PackLoader:240 - Cannot read IP mode file for STMicroelectronics.X-CUBE-AZRTOS-L5.1.1.0
2023-03-16 20:44:34,132 [WARN] PackLoader:240 - Cannot read IP mode file for STMicroelectronics.X-CUBE-AZRTOS-G0.1.1.0
2023-03-16 20:44:34,147 [WARN] PackLoader:240 - Cannot read IP mode file for STMicroelectronics.X-CUBE-SUBG2.5.0.0
2023-03-16 20:44:34,159 [WARN] PackLoader:240 - Cannot read IP mode file for STMicroelectronics.X-CUBE-NFC4.3.0.0
2023-03-16 20:44:34,167 [WARN] PackLoader:240 - Cannot read IP mode file for STMicroelectronics.FP-ATR-ASTRA1.1.1.1
2023-03-16 20:44:34,181 [WARN] PackLoader:240 - Cannot read IP mode file for STMicroelectronics.X-CUBE-BLEMGR.1.3.0
2023-03-16 20:44:34,202 [WARN] PackLoader:240 - Cannot read IP mode file for STMicroelectronics.X-CUBE-AZRTOS-G4.1.0.0
2023-03-16 20:44:34,219 [WARN] PackLoader:240 - Cannot read IP mode file for STMicroelectronics.FP-ATR-SIGFOX1.3.2.0
2023-03-16 20:44:34,238 [WARN] PackLoader:240 - Cannot read IP mode file for STMicroelectronics.X-CUBE-AZRTOS-L4.1.0.0
2023-03-16 20:44:34,253 [WARN] PackLoader:240 - Cannot read IP mode file for STMicroelectronics.X-CUBE-AZRTOS-WL.1.0.0
2023-03-16 20:44:34,263 [WARN] PackLoader:240 - Cannot read IP mode file for portGmbH.I-Cube-SoM-uGOAL.1.1.0
2023-03-16 20:44:34,270 [WARN] PackLoader:240 - Cannot read IP mode file for STMicroelectronics.X-CUBE-ALS.1.0.1
2023-03-16 20:44:34,303 [WARN] PackLoader:240 - Cannot read IP mode file for STMicroelectronics.X-CUBE-MEMS1.9.5.0
2023-03-16 20:44:34,395 [WARN] PackLoader:240 - Cannot read IP mode file for STMicroelectronics.X-CUBE-AZRTOS-WB.1.1.0
2023-03-16 20:44:34,421 [WARN] PackLoader:240 - Cannot read IP mode file for SEGGER.I-CUBE-embOS.1.3.1
2023-03-16 20:44:34,440 [INFO] ThirdParty:978 - Integrity check success = true
2023-03-16 20:44:34,440 [INFO] IntegrityCheckThread:100 - exiting critical section [integrity check]
2023-03-16 20:44:34,440 [INFO] IntegrityCheckThread:103 - End integrity checks thread
2023-03-16 20:44:34,440 [INFO] ThirdParty:873 - entering critical section [close project]
2023-03-16 20:44:34,441 [INFO] ThirdParty:883 - exiting critical section [close project]
2023-03-16 20:44:34,443 [INFO] PinOutPanel:1499 - setPackage(No Configuration,No Configuration)
2023-03-16 20:44:34,447 [INFO] UtilMem:75 - Begin LoadConfig() Used Memory: 166615168 Bytes (268435456)
2023-03-16 20:44:34,448 [INFO] MicroXplorer:468 - Change Database Path : 
2023-03-16 20:44:34,448 [INFO] MicroXplorer:498 - Change Database Version : DB.6.0.80
2023-03-16 20:44:34,448 [INFO] OpenFileManager:308 - Change cursor
2023-03-16 20:44:34,474 [INFO] Mcu:1937 - Initializing MCU STM32L433RCTxP STM32L433RCTxP STM32L433RCT6P
2023-03-16 20:44:35,392 [INFO] Context:659 - Trying to add GPIOservice into a context  which must be forbidden
2023-03-16 20:44:35,710 [INFO] RtosManager:555 - Registered RTOS mode: class=CMSIS, group=RTOS, mode=CMSIS_V1, owner=FREERTOS
2023-03-16 20:44:35,710 [INFO] RtosManager:555 - Registered RTOS mode: class=CMSIS, group=RTOS2, mode=CMSIS_V2, owner=FREERTOS
2023-03-16 20:44:35,710 [INFO] RtosManager:555 - Registered RTOS mode: class=RTOS, group=Core, mode=CMSIS_V1, owner=FREERTOS
2023-03-16 20:44:35,710 [INFO] RtosManager:555 - Registered RTOS mode: class=RTOS, group=Core, mode=CMSIS_V2, owner=FREERTOS
2023-03-16 20:44:35,710 [WARN] ModelIntegratedComponent:184 - Missing modes for component STMicroelectronics:FreeRTOS:0.0.1:STMicroelectronics:RTOS:FreeRTOS:Core:::10.2.0:
2023-03-16 20:44:35,720 [WARN] ModelIntegratedComponent:63 - No mode defined for component null
2023-03-16 20:44:35,720 [WARN] ModelIntegratedComponent:63 - No mode defined for component null
2023-03-16 20:44:35,720 [WARN] ModelIntegratedComponent:63 - No mode defined for component null
2023-03-16 20:44:35,720 [WARN] ModelIntegratedComponent:63 - No mode defined for component null
2023-03-16 20:44:35,720 [WARN] ModelIntegratedComponent:63 - No mode defined for component null
2023-03-16 20:44:35,720 [WARN] ModelIntegratedComponent:63 - No mode defined for component null
2023-03-16 20:44:35,720 [WARN] ModelIntegratedComponent:63 - No mode defined for component null
2023-03-16 20:44:35,721 [WARN] ModelIntegratedComponent:63 - No mode defined for component null
2023-03-16 20:44:35,721 [WARN] ModelIntegratedComponent:63 - No mode defined for component null
2023-03-16 20:44:35,721 [WARN] ModelIntegratedComponent:63 - No mode defined for component null
2023-03-16 20:44:35,721 [WARN] ModelIntegratedComponent:63 - No mode defined for component null
2023-03-16 20:44:35,721 [WARN] ModelIntegratedComponent:63 - No mode defined for component null
2023-03-16 20:44:35,721 [WARN] ModelIntegratedComponent:63 - No mode defined for component null
2023-03-16 20:44:35,721 [WARN] ModelIntegratedComponent:63 - No mode defined for component null
2023-03-16 20:44:35,721 [WARN] ModelIntegratedComponent:63 - No mode defined for component null
2023-03-16 20:44:35,721 [WARN] ModelIntegratedComponent:63 - No mode defined for component null
2023-03-16 20:44:35,721 [WARN] ModelIntegratedComponent:63 - No mode defined for component null
2023-03-16 20:44:35,721 [WARN] ModelIntegratedComponent:63 - No mode defined for component null
2023-03-16 20:44:35,721 [WARN] ModelIntegratedComponent:63 - No mode defined for component null
2023-03-16 20:44:35,721 [WARN] ModelIntegratedComponent:63 - No mode defined for component null
2023-03-16 20:44:35,721 [WARN] ModelIntegratedComponent:63 - No mode defined for component null
2023-03-16 20:44:35,721 [WARN] ModelIntegratedComponent:63 - No mode defined for component null
2023-03-16 20:44:35,721 [WARN] ModelIntegratedComponent:63 - No mode defined for component null
2023-03-16 20:44:35,721 [WARN] ModelIntegratedComponent:63 - No mode defined for component null
2023-03-16 20:44:35,721 [WARN] ModelIntegratedComponent:63 - No mode defined for component null
2023-03-16 20:44:35,721 [WARN] ModelIntegratedComponent:63 - No mode defined for component null
2023-03-16 20:44:35,721 [WARN] ModelIntegratedComponent:63 - No mode defined for component null
2023-03-16 20:44:35,721 [WARN] ModelIntegratedComponent:63 - No mode defined for component null
2023-03-16 20:44:35,721 [WARN] ModelIntegratedComponent:63 - No mode defined for component null
2023-03-16 20:44:35,722 [WARN] ModelIntegratedComponent:63 - No mode defined for component null
2023-03-16 20:44:35,722 [WARN] ModelIntegratedComponent:63 - No mode defined for component null
2023-03-16 20:44:35,722 [WARN] ModelIntegratedComponent:63 - No mode defined for component null
2023-03-16 20:44:35,722 [WARN] ModelIntegratedComponent:63 - No mode defined for component null
2023-03-16 20:44:35,804 [INFO] ThirdPartyModel:298 - Start build external matchings
2023-03-16 20:44:35,905 [INFO] ThirdPartyModel:316 - End build external matchings
2023-03-16 20:44:35,917 [INFO] ImportTextPane:194 - (OptionalMessage_ERROR) IP (RCC) : Invalid parameter (FamilyName)
2023-03-16 20:44:35,917 [INFO] ImportTextPane:194 - (OptionalMessage_ERROR) IP (RCC) : Invalid parameter (I2C4Freq_Value)
2023-03-16 20:44:35,920 [INFO] ImportTextPane:194 - (OptionalMessage_ERROR) IP (RCC) : Parameter (RNGFreq_Value) has invalid value (64000000)
2023-03-16 20:44:35,920 [INFO] ImportTextPane:194 - (OptionalMessage_ERROR) IP (RCC) : Parameter (SDMMCFreq_Value) has invalid value (64000000)
2023-03-16 20:44:35,920 [INFO] ImportTextPane:194 - (OptionalMessage_ERROR) IP (RCC) : Invalid parameter (UART4Freq_Value)
2023-03-16 20:44:35,920 [INFO] ImportTextPane:194 - (OptionalMessage_ERROR) IP (RCC) : Invalid parameter (UART5Freq_Value)
2023-03-16 20:44:35,920 [INFO] ImportTextPane:194 - (OptionalMessage_ERROR) IP (RCC) : Parameter (USBFreq_Value) has invalid value (64000000)
2023-03-16 20:44:35,920 [INFO] ImportTextPane:194 - (OptionalMessage_ERROR) IP (RCC) : Invalid parameter (VCOSAI2OutputFreq_Value)
2023-03-16 20:44:36,091 [INFO] UtilMem:75 - End LoadConfig() Used Memory: 134108760 Bytes (268435456)
2023-03-16 20:44:36,157 [INFO] ApiDb:581 - Connected to CubeFinder SQLite database (C:\Users\huber\.stmcufinder\plugins\mcufinder\mcu\cube-finder-db.db)
2023-03-16 20:44:36,227 [INFO] ApiDb:668 - CubeFinder database Data Model version=2.1
2023-03-16 20:44:36,227 [INFO] ApiDb:669 - CubeFinder database Configuration version=3.0.35
2023-03-16 20:44:36,227 [INFO] ApiDb:670 - CubeFinder database generation date=2023-03-10 (1678456172)
2023-03-16 20:44:36,227 [INFO] ApiDb:671 - CubeFinder database FW Pack versions=[FP-ATR-ASTRA1_V1.1.1, STM32Cube_FW_C0_V1.0.1, STM32Cube_FW_F0_V1.11.4, STM32Cube_FW_F3_V1.11.4, STM32Cube_FW_F4_V1.27.1, STM32Cube_FW_F7_V1.17.0, STM32Cube_FW_G0_V1.6.1, STM32Cube_FW_G4_V1.5.1, STM32Cube_FW_H5_V0.5.1, STM32Cube_FW_H5_V1.0.0, STM32Cube_FW_H7_V1.11.0, STM32Cube_FW_L0_V1.12.2, STM32Cube_FW_L5_V1.5.0, STM32Cube_FW_U5_V1.2.0, STM32Cube_FW_WBA_V1.0.0, STM32Cube_FW_WBA_V1.0.0RC1, STM32Cube_FW_WBA_V1.0.0RC3, STM32Cube_FW_WB_V1.15.0RC1, STM32Cube_FW_WB_V1.16.0, STM32Cube_FW_WB_V1.16.0RC2, STM32Cube_FW_WL_V1.3.0, X-CUBE-ALGOBUILD_V1.3.0, X-CUBE-ALS_V1.0.1, X-CUBE-AZRTOS-F4_V1.1.0, X-CUBE-AZRTOS-F7_V1.1.0, X-CUBE-AZRTOS-G0_V1.1.0, X-CUBE-AZRTOS-G4_V1.0.0, X-CUBE-AZRTOS-H7_V3.0.0, X-CUBE-AZRTOS-L4_V1.0.0, X-CUBE-AZRTOS-L5_V1.1.0, X-CUBE-AZRTOS-WB_V1.1.0, X-CUBE-AZRTOS-WL_V1.0.0, X-CUBE-BLE1_V6.2.4, X-CUBE-BLE2_V3.3.0, X-CUBE-BLEMGR_V1.3.0, X-CUBE-EEPRMA1_V4.1.0, X-CUBE-GNSS1_V6.0.0, X-CUBE-MEMS1_V9.1.0, X-CUBE-MEMS1_V9.4.0, X-CUBE-MEMS1_V9.5.0, X-CUBE-NFC4_V3.0.0, X-CUBE-NFC7_V1.0.0, X-CUBE-SFXS2LP1_V4.0.0, X-CUBE-SUBG2_V5.0.0]
2023-03-16 20:44:37,986 [INFO] ApiDb:240 - Found 297 in-development CPN: [B-G473E-ZEST1S, B-WB1M-WPAN1, B-WL5M-SUBG1, NUCLEO-C031C6, NUCLEO-H503RB, NUCLEO-H563ZI, NUCLEO-U545RE-Q, NUCLEO-U5A5ZJ-Q, NUCLEO-WBA52CG, STEVAL-PROTEUS1, STEVAL-STWINBX1, STM320518-EVAL, STM32C0116-DK, STM32C011D6Y3TR, STM32C011D6Y6TR, STM32C011F4P3, STM32C011F4P6, STM32C011F4U3, STM32C011F4U6TR, STM32C011F6P3, STM32C011F6P6, STM32C011F6U3, STM32C011F6U6TR, STM32C011J4M3, STM32C011J4M6, STM32C011J6M3, STM32C011J6M6, STM32C0316-DK, STM32C031C4T3, STM32C031C4T6, STM32C031C4U3, STM32C031C4U6, STM32C031C6T3, STM32C031C6T6, STM32C031C6U3, STM32C031C6U6, STM32C031F4P3, STM32C031F4P6, STM32C031F6P3, STM32C031F6P6, STM32C031G4U3, STM32C031G4U6, STM32C031G6U3, STM32C031G6U6, STM32C031K4T3, STM32C031K4T6, STM32C031K4U3, STM32C031K4U6, STM32C031K6T3, STM32C031K6T6, STM32C031K6U3, STM32C031K6U6, STM32G071K8TXN, STM32G071K8UXN, STM32G081GBU6N, STM32G081KBT6N, STM32G081KBUXN, STM32G0B1CCT6N, STM32G0B1KCT6, STM32G0B1NEY6TR, STM32G0B1RCT6N, STM32G0C1CCT6, STM32G0C1CCT6N, STM32G0C1CCU6N, STM32G0C1CET6N, STM32G0C1CEU6N, STM32G0C1KCT6, STM32G0C1NEY6TR, STM32G0C1RCI6N, STM32G0C1RCT6N, STM32G0C1REI6N, STM32G0C1RET6N, STM32G0C1VCI6, STM32G0C1VEI6, STM32G471CCT6, STM32G471CCU6, STM32G471CET3, STM32G471CET6, STM32G471CEU3, STM32G471CEU6, STM32G471MCT6, STM32G471MET3, STM32G471MET6, STM32G471MEY6TR, STM32G471QCT6, STM32G471QET3, STM32G471RCT6, STM32G471RET3, STM32G471RET6, STM32G471VCH6, STM32G471VCI6, STM32G471VCT6, STM32G471VEH3, STM32G471VEH6, STM32G471VEI3, STM32G471VEI6, STM32G471VET3, STM32G471VET6, STM32G474CCT6, STM32H503CBT6, STM32H503CBU6, STM32H503EBY6TR, STM32H503KBU6, STM32H503RBT6, STM32H562AGI6, STM32H562AII6, STM32H562IGK6, STM32H562IGT6, STM32H562IIK6, STM32H562IIT6, STM32H562RGT6, STM32H562RGV6, STM32H562RIT6, STM32H562RIV6, STM32H562VGT6, STM32H562VIT6, STM32H562ZGT6, STM32H562ZIT6, STM32H563AGI6, STM32H563AII3Q, STM32H563AII6, STM32H563IGK6, STM32H563IGT6, STM32H563IIK3Q, STM32H563IIK6, STM32H563IIT3Q, STM32H563IIT6, STM32H563MIY3QTR, STM32H563RGT6, STM32H563RGV6, STM32H563RIT6, STM32H563RIV6, STM32H563VGT6, STM32H563VIT3Q, STM32H563VIT6, STM32H563ZGT6, STM32H563ZIT3Q, STM32H563ZIT6, STM32H573AII3Q, STM32H573AII6, STM32H573I-DK, STM32H573IIK3Q, STM32H573IIK6, STM32H573IIT3Q, STM32H573IIT6, STM32H573MIY3QTR, STM32H573RIT6, STM32H573RIV6, STM32H573VIT3Q, STM32H573VIT6, STM32H573ZIT3Q, STM32H573ZIT6, STM32L4R5QGI6STR, STM32MP131AAE3, STM32MP131AAF3, STM32MP131AAG3, STM32MP131CAE3, STM32MP131CAF3, STM32MP131CAG3, STM32MP131DAE7, STM32MP131DAF7, STM32MP131DAG7, STM32MP131FAE7, STM32MP131FAF7, STM32MP131FAG7, STM32MP133AAE3, STM32MP133AAF3, STM32MP133AAG3, STM32MP133CAE3, STM32MP133CAF3, STM32MP133CAG3, STM32MP133DAE7, STM32MP133DAF7, STM32MP133DAG7, STM32MP133FAE7, STM32MP133FAF7, STM32MP133FAG7, STM32MP135AAE3, STM32MP135AAF3, STM32MP135AAG3, STM32MP135CAE3, STM32MP135CAF3, STM32MP135CAG3, STM32MP135DAE7, STM32MP135DAF7, STM32MP135DAG7, STM32MP135F-DK, STM32MP135FAE7, STM32MP135FAF7, STM32MP135FAF7T, STM32MP135FAF7U, STM32MP135FAG7, STM32U535CBT6, STM32U535CBT6Q, STM32U535CBU6, STM32U535CBU6Q, STM32U535CCT6, STM32U535CCT6Q, STM32U535CCU6, STM32U535CCU6Q, STM32U535CET6, STM32U535CET6Q, STM32U535CEU6, STM32U535CEU6Q, STM32U535JEY6QTR, STM32U535NCY6QTR, STM32U535NEY6QTR, STM32U535RBI6, STM32U535RBI6Q, STM32U535RBT6, STM32U535RBT6Q, STM32U535RCI6, STM32U535RCI6Q, STM32U535RCT6, STM32U535RCT6Q, STM32U535REI6, STM32U535REI6Q, STM32U535RET6, STM32U535RET6Q, STM32U535VCI6, STM32U535VCI6Q, STM32U535VCT6, STM32U535VCT6Q, STM32U535VEI6, STM32U535VEI6Q, STM32U535VET6, STM32U535VET6Q, STM32U545CET6, STM32U545CET6Q, STM32U545CEU6, STM32U545CEU6Q, STM32U545JEY6QTR, STM32U545NEY6QTR, STM32U545REI6, STM32U545REI6Q, STM32U545RET6, STM32U545RET6Q, STM32U545VEI6, STM32U545VEI6Q, STM32U545VET6, STM32U545VET6Q, STM32U595AIH6, STM32U595AIH6Q, STM32U595AJH6, STM32U595AJH6Q, STM32U595QII6, STM32U595QII6Q, STM32U595QJI6, STM32U595QJI6Q, STM32U595RIT6, STM32U595RIT6Q, STM32U595RJT6, STM32U595RJT6Q, STM32U595VIT6, STM32U595VIT6Q, STM32U595VJT6, STM32U595VJT6Q, STM32U595ZIT6, STM32U595ZIT6Q, STM32U595ZIY6QTR, STM32U595ZJT6, STM32U595ZJT6Q, STM32U595ZJY6QTR, STM32U599BJY6QTR, STM32U599NIH6Q, STM32U599NJH6Q, STM32U599VIT6Q, STM32U599VJT6, STM32U599VJT6Q, STM32U599ZIT6Q, STM32U599ZIY6QTR, STM32U599ZJT6Q, STM32U599ZJY6QTR, STM32U5A5AJH6, STM32U5A5AJH6Q, STM32U5A5QJI6, STM32U5A5QJI6Q, STM32U5A5RJT6, STM32U5A5RJT6Q, STM32U5A5VJT6, STM32U5A5VJT6Q, STM32U5A5ZJT6, STM32U5A5ZJT6Q, STM32U5A5ZJY6QTR, STM32U5A9BJY6QTR, STM32U5A9J-DK, STM32U5A9NJH6Q, STM32U5A9VJT6Q, STM32U5A9ZJT6Q, STM32U5A9ZJY6QTR, STM32WB1MMCH6, STM32WBA52CEU6, STM32WBA52CEU6T, STM32WBA52CGU6, STM32WBA52CGU6T, STM32WL5MOCH6, STM32WL5MOCH6TR]
2023-03-16 20:44:37,989 [INFO] DbMcus:216 - Found 3775 MCUs, 3775 are supported
2023-03-16 20:44:37,991 [INFO] ApiDb:423 - Load user favorites file C:\Users\huber/.stm32cubeide/favorites.mcus.txt: 0 item(s)
2023-03-16 20:44:37,991 [INFO] ApiDb:427 - User favorites MCUs=[]
2023-03-16 20:44:37,991 [INFO] DbMcus:222 - Set 0 / 0 favorites MCUs
2023-03-16 20:44:38,209 [WARN] ThirdParty:833 - waiting for thirdparty lock release [change project]
2023-03-16 20:44:38,209 [INFO] ThirdParty:835 - entering critical section [change project]
2023-03-16 20:44:38,210 [INFO] ThirdParty:1030 - CMSIS Pack Vendor :STMicroelectronics X-CUBE-ISPU 1.1.0
2023-03-16 20:44:38,210 [INFO] ThirdParty:1030 - CMSIS Pack Vendor :RoweBots I-CUBE-UNISONRTOS 5.5.0-4
2023-03-16 20:44:38,210 [INFO] ThirdParty:1030 - CMSIS Pack Vendor :STMicroelectronics X-CUBE-GNSS1 6.0.0
2023-03-16 20:44:38,210 [INFO] ThirdParty:1030 - CMSIS Pack Vendor :STMicroelectronics USB_HOST 2.0.0
2023-03-16 20:44:38,210 [INFO] ThirdParty:1030 - CMSIS Pack Vendor :STMicroelectronics X-CUBE-AZRTOS-F4 1.1.0
2023-03-16 20:44:38,210 [INFO] ThirdParty:1030 - CMSIS Pack Vendor :STMicroelectronics LIBJPEG 8.0.0
2023-03-16 20:44:38,210 [INFO] ThirdParty:1030 - CMSIS Pack Vendor :STMicroelectronics USB_DEVICE 3.0.0
2023-03-16 20:44:38,210 [INFO] ThirdParty:1030 - CMSIS Pack Vendor :STMicroelectronics X-CUBE-AI 8.0.0
2023-03-16 20:44:38,210 [INFO] ThirdParty:1030 - CMSIS Pack Vendor :STMicroelectronics X-CUBE-FREERTOS 1.0.0
2023-03-16 20:44:38,210 [INFO] ThirdParty:1030 - CMSIS Pack Vendor :STMicroelectronics X-CUBE-TOUCHGFX 4.21.1
2023-03-16 20:44:38,210 [INFO] ThirdParty:1030 - CMSIS Pack Vendor :STMicroelectronics X-CUBE-AZRTOS-F7 1.1.0
2023-03-16 20:44:38,210 [INFO] ThirdParty:1030 - CMSIS Pack Vendor :STMicroelectronics USB_DEVICE 2.0.0
2023-03-16 20:44:38,210 [INFO] ThirdParty:1030 - CMSIS Pack Vendor :STMicroelectronics X-CUBE-ALGOBUILD 1.3.0
2023-03-16 20:44:38,210 [INFO] ThirdParty:1030 - CMSIS Pack Vendor :STMicroelectronics X-CUBE-BLE1 6.2.4
2023-03-16 20:44:38,210 [INFO] ThirdParty:1030 - CMSIS Pack Vendor :STMicroelectronics X-CUBE-AZRTOS-L5 1.1.0
2023-03-16 20:44:38,210 [INFO] ThirdParty:1030 - CMSIS Pack Vendor :STMicroelectronics FreeRTOS 0.0.1
2023-03-16 20:44:38,210 [INFO] ThirdParty:1030 - CMSIS Pack Vendor :emotas I-CUBE-CANOPEN 1.1.3
2023-03-16 20:44:38,210 [INFO] ThirdParty:1030 - CMSIS Pack Vendor :STMicroelectronics X-CUBE-AZRTOS-G0 1.1.0
2023-03-16 20:44:38,210 [INFO] ThirdParty:1030 - CMSIS Pack Vendor :STMicroelectronics X-CUBE-BLEMGR 2.0.0
2023-03-16 20:44:38,210 [INFO] ThirdParty:1030 - CMSIS Pack Vendor :STMicroelectronics X-CUBE-SUBG2 5.0.0
2023-03-16 20:44:38,210 [INFO] ThirdParty:1030 - CMSIS Pack Vendor :STMicroelectronics X-CUBE-NFC4 3.0.0
2023-03-16 20:44:38,210 [INFO] ThirdParty:1030 - CMSIS Pack Vendor :STMicroelectronics STM32_WPAN 1.0.0
2023-03-16 20:44:38,211 [INFO] ThirdParty:1030 - CMSIS Pack Vendor :STMicroelectronics lwIP 2.0.3
2023-03-16 20:44:38,211 [INFO] ThirdParty:1030 - CMSIS Pack Vendor :STMicroelectronics USB_HOST 1.0.0
2023-03-16 20:44:38,211 [INFO] ThirdParty:1030 - CMSIS Pack Vendor :STMicroelectronics PDM2PCM 3.1.0
2023-03-16 20:44:38,211 [INFO] ThirdParty:1030 - CMSIS Pack Vendor :STMicroelectronics FP-ATR-ASTRA1 1.1.1
2023-03-16 20:44:38,211 [INFO] ThirdParty:1030 - CMSIS Pack Vendor :STMicroelectronics PDM2PCM 3.3.0
2023-03-16 20:44:38,211 [INFO] ThirdParty:1030 - CMSIS Pack Vendor :STMicroelectronics X-CUBE-DISPLAY 3.0.0
2023-03-16 20:44:38,211 [INFO] ThirdParty:1030 - CMSIS Pack Vendor :STMicroelectronics X-CUBE-BLEMGR 1.3.0
2023-03-16 20:44:38,211 [INFO] ThirdParty:1030 - CMSIS Pack Vendor :STMicroelectronics X-CUBE-AZRTOS-G4 1.0.0
2023-03-16 20:44:38,211 [INFO] ThirdParty:1030 - CMSIS Pack Vendor :STMicroelectronics FP-ATR-SIGFOX1 3.2.0
2023-03-16 20:44:38,211 [INFO] ThirdParty:1030 - CMSIS Pack Vendor :wolfSSL I-CUBE-wolfSSL 5.5.4
2023-03-16 20:44:38,211 [INFO] ThirdParty:1030 - CMSIS Pack Vendor :STMicroelectronics X-CUBE-AZRTOS-L4 1.0.0
2023-03-16 20:44:38,211 [INFO] ThirdParty:1030 - CMSIS Pack Vendor :STMicroelectronics HAL Drivers 0.0.0
2023-03-16 20:44:38,211 [INFO] ThirdParty:1030 - CMSIS Pack Vendor :STMicroelectronics MBEDTLS 2.16.2
2023-03-16 20:44:38,211 [INFO] ThirdParty:1030 - CMSIS Pack Vendor :STMicroelectronics MBEDTLS 2.14.1
2023-03-16 20:44:38,211 [INFO] ThirdParty:1030 - CMSIS Pack Vendor :STMicroelectronics X-CUBE-NFC7 1.0.0
2023-03-16 20:44:38,211 [INFO] ThirdParty:1030 - CMSIS Pack Vendor :STMicroelectronics X-CUBE-AZRTOS-WL 1.0.0
2023-03-16 20:44:38,211 [INFO] ThirdParty:1030 - CMSIS Pack Vendor :STMicroelectronics X-CUBE-EEPRMA1 4.1.0
2023-03-16 20:44:38,211 [INFO] ThirdParty:1030 - CMSIS Pack Vendor :portGmbH I-Cube-SoM-uGOAL 1.1.0
2023-03-16 20:44:38,211 [INFO] ThirdParty:1030 - CMSIS Pack Vendor :STMicroelectronics X-CUBE-ALS 1.0.1
2023-03-16 20:44:38,211 [INFO] ThirdParty:1030 - CMSIS Pack Vendor :STMicroelectronics X-CUBE-MEMS1 9.5.0
2023-03-16 20:44:38,211 [INFO] ThirdParty:1030 - CMSIS Pack Vendor :STMicroelectronics ThreadX 1.0.0
2023-03-16 20:44:38,212 [INFO] ThirdParty:1030 - CMSIS Pack Vendor :STMicroelectronics X-CUBE-AZRTOS-WB 1.1.0
2023-03-16 20:44:38,212 [INFO] ThirdParty:1030 - CMSIS Pack Vendor :SEGGER I-CUBE-embOS 1.3.1
2023-03-16 20:44:38,212 [INFO] ThirdParty:1030 - CMSIS Pack Vendor :STMicroelectronics USB_DEVICE 1.0.0
2023-03-16 20:44:38,212 [INFO] ThirdParty:1030 - CMSIS Pack Vendor :STMicroelectronics ThreadX 0.0.2
2023-03-16 20:44:38,212 [INFO] ThirdParty:1030 - CMSIS Pack Vendor :STMicroelectronics lwIP 2.1.2
2023-03-16 20:44:38,212 [INFO] ThirdParty:1030 - CMSIS Pack Vendor :STMicroelectronics X-CUBE-SFXS2LP1 4.0.0
2023-03-16 20:44:38,212 [INFO] ThirdParty:1030 - CMSIS Pack Vendor :STMicroelectronics X-CUBE-BLE2 3.3.0
2023-03-16 20:44:38,212 [INFO] ThirdParty:1030 - CMSIS Pack Vendor :STMicroelectronics X-CUBE-TOF1 3.2.0
2023-03-16 20:44:38,212 [INFO] ThirdParty:1030 - CMSIS Pack Vendor :STMicroelectronics PDM2PCM 3.2.0
2023-03-16 20:44:38,212 [INFO] ThirdParty:1030 - CMSIS Pack Vendor :STMicroelectronics X-CUBE-AZRTOS-H7 3.0.0
2023-03-16 20:44:38,212 [INFO] ThirdParty:841 - exiting critical section [change project]
2023-03-16 20:44:38,547 [INFO] PinOutPanel:1499 - setPackage(No Configuration,No Configuration)
2023-03-16 20:44:38,548 [INFO] PinOutPanel:1499 - setPackage(STM32L433RCTxP,LQFP64)
2023-03-16 20:44:39,052 [INFO] UtilMem:75 - Before build in PCC Used Memory: 203981576 Bytes (268435456)
2023-03-16 20:44:39,679 [INFO] UtilMem:75 - After build in PCC Used Memory: 203497664 Bytes (268435456)
2023-03-16 20:44:39,704 [INFO] IPUIPlugin:80 - create IPUIPlugin
2023-03-16 20:44:39,704 [INFO] IPUIPlugin:80 - create IPUIPlugin
2023-03-16 20:44:39,704 [INFO] IPUIPlugin:80 - create IPUIPlugin
2023-03-16 20:44:39,704 [INFO] IPUIPlugin:80 - create IPUIPlugin
2023-03-16 20:44:39,704 [INFO] IPUIPlugin:80 - create IPUIPlugin
2023-03-16 20:44:39,705 [INFO] IPUIPlugin:80 - create IPUIPlugin
2023-03-16 20:44:39,705 [INFO] IPUIPlugin:80 - create IPUIPlugin
2023-03-16 20:44:39,705 [INFO] IPUIPlugin:80 - create IPUIPlugin
2023-03-16 20:44:39,705 [INFO] IPUIPlugin:80 - create IPUIPlugin
2023-03-16 20:44:39,705 [INFO] IPUIPlugin:80 - create IPUIPlugin
2023-03-16 20:44:39,705 [INFO] IPUIPlugin:80 - create IPUIPlugin
2023-03-16 20:44:39,705 [INFO] IPUIPlugin:80 - create IPUIPlugin
2023-03-16 20:44:39,705 [INFO] IPUIPlugin:80 - create IPUIPlugin
2023-03-16 20:44:39,706 [INFO] IPUIPlugin:80 - create IPUIPlugin
2023-03-16 20:44:39,706 [INFO] IPUIPlugin:80 - create IPUIPlugin
2023-03-16 20:44:39,706 [INFO] IPUIPlugin:80 - create IPUIPlugin
2023-03-16 20:44:39,707 [INFO] IPUIPlugin:80 - create IPUIPlugin
2023-03-16 20:44:39,707 [INFO] IPUIPlugin:80 - create IPUIPlugin
2023-03-16 20:44:39,708 [INFO] IPUIPlugin:80 - create IPUIPlugin
2023-03-16 20:44:39,708 [INFO] IPUIPlugin:80 - create IPUIPlugin
2023-03-16 20:44:39,708 [INFO] IPUIPlugin:80 - create IPUIPlugin
2023-03-16 20:44:39,708 [INFO] IPUIPlugin:80 - create IPUIPlugin
2023-03-16 20:44:39,709 [INFO] IPUIPlugin:80 - create IPUIPlugin
2023-03-16 20:44:39,709 [INFO] IPUIPlugin:80 - create IPUIPlugin
2023-03-16 20:44:39,710 [INFO] IPUIPlugin:80 - create IPUIPlugin
2023-03-16 20:44:39,711 [INFO] IPUIPlugin:80 - create IPUIPlugin
2023-03-16 20:44:39,711 [INFO] IPUIPlugin:80 - create IPUIPlugin
2023-03-16 20:44:39,711 [INFO] IPUIPlugin:80 - create IPUIPlugin
2023-03-16 20:44:39,712 [INFO] IPUIPlugin:80 - create IPUIPlugin
2023-03-16 20:44:39,712 [INFO] IPUIPlugin:80 - create IPUIPlugin
2023-03-16 20:44:39,713 [INFO] IPUIPlugin:80 - create IPUIPlugin
2023-03-16 20:44:39,713 [INFO] IPUIPlugin:80 - create IPUIPlugin
2023-03-16 20:44:39,713 [INFO] IPUIPlugin:80 - create IPUIPlugin
2023-03-16 20:44:39,714 [INFO] IPUIPlugin:80 - create IPUIPlugin
2023-03-16 20:44:39,714 [INFO] IPUIPlugin:80 - create IPUIPlugin
2023-03-16 20:44:39,715 [INFO] IPUIPlugin:80 - create IPUIPlugin
2023-03-16 20:44:39,715 [INFO] IPUIPlugin:80 - create IPUIPlugin
2023-03-16 20:44:39,716 [INFO] IPUIPlugin:80 - create IPUIPlugin
2023-03-16 20:44:39,716 [INFO] IPUIPlugin:80 - create IPUIPlugin
2023-03-16 20:44:39,721 [INFO] IPUIPlugin:80 - create IPUIPlugin
2023-03-16 20:44:39,722 [INFO] IPUIPlugin:80 - create IPUIPlugin
2023-03-16 20:44:39,722 [INFO] IPUIPlugin:80 - create IPUIPlugin
2023-03-16 20:44:39,723 [INFO] IPUIPlugin:80 - create IPUIPlugin
2023-03-16 20:44:39,724 [INFO] IPUIPlugin:80 - create IPUIPlugin
2023-03-16 20:44:39,725 [INFO] IPUIPlugin:80 - create IPUIPlugin
2023-03-16 20:44:39,862 [INFO] CADModel:165 - CPN selected for project levelSTM32L433RCT6P
2023-03-16 20:44:39,862 [INFO] CADModel:114 - Register for checkConnection events
2023-03-16 20:44:39,909 [INFO] OpenFileManager:328 - Restore cursor
2023-03-16 20:44:41,392 [INFO] LogOutputStream:77 - [STDOUT_REDIRECT] 
2023-03-16 20:45:01,089 [ERROR] LogOutputStream:75 - [STDERR_REDIRECT] SLF4J: Failed to load class "org.slf4j.impl.StaticLoggerBinder".
2023-03-16 20:45:01,089 [ERROR] LogOutputStream:75 - [STDERR_REDIRECT] SLF4J: Defaulting to no-operation (NOP) logger implementation
2023-03-16 20:45:01,090 [ERROR] LogOutputStream:75 - [STDERR_REDIRECT] SLF4J: See http://www.slf4j.org/codes.html#StaticLoggerBinder for further details.
2023-03-16 21:10:04,542 [INFO] Gpio:273 - dependency for GPIO [RCC, SYS, USART2]
2023-03-16 21:11:22,205 [INFO] UtilMem:75 - End SaveConfig() Used Memory: 219925288 Bytes (497025024)
2023-03-16 21:11:22,244 [INFO] UtilMem:75 - End SaveConfig() Used Memory: 234067736 Bytes (497025024)
2023-03-16 21:11:22,697 [INFO] UtilMem:75 - End SaveConfig() Used Memory: 269125256 Bytes (497025024)
2023-03-16 21:11:23,088 [INFO] BlockDiagram:2759 - set Specific Code input for plugin: NVIC
2023-03-16 21:11:23,088 [INFO] BlockDiagram:2759 - set Specific Code input for plugin: USART
2023-03-16 21:11:23,088 [INFO] BlockDiagram:2759 - set Specific Code input for plugin: SYS
2023-03-16 21:11:23,088 [INFO] BlockDiagram:2759 - set Specific Code input for plugin: GPIO
2023-03-16 21:11:23,088 [INFO] BlockDiagram:2759 - set Specific Code input for plugin: RCC
2023-03-16 21:11:23,089 [INFO] CodeGenerator:793 - code generatio: config db path: C:\ST\STM32CubeIDE_1.11.2\STM32CubeIDE\plugins\com.st.stm32cube.common.mx_6.8.0.202302231600\\db\
2023-03-16 21:11:23,331 [INFO] CodeEngine:255 - oldGeneratedFile, G:\STM32CubeIDE\workspace_1.6.0\Raptors_krok_cl57t\MXTmpFiles\license.tmp_save
2023-03-16 21:11:23,615 [INFO] CodeEngine:279 - Generated code: G:\STM32CubeIDE\workspace_1.6.0\Raptors_krok_cl57t\MXTmpFiles\license.tmp
2023-03-16 21:11:23,693 [INFO] CodeEngine:255 - oldGeneratedFile, G:\STM32CubeIDE\workspace_1.6.0\Raptors_krok_cl57t\Core\Src\gpio.c_save
2023-03-16 21:11:23,797 [INFO] CodeEngine:279 - Generated code: G:\STM32CubeIDE\workspace_1.6.0\Raptors_krok_cl57t\Core\Src\gpio.c
2023-03-16 21:11:23,804 [INFO] CodeEngine:255 - oldGeneratedFile, G:\STM32CubeIDE\workspace_1.6.0\Raptors_krok_cl57t\Core\Inc\gpio.h_save
2023-03-16 21:11:23,865 [INFO] CodeEngine:279 - Generated code: G:\STM32CubeIDE\workspace_1.6.0\Raptors_krok_cl57t\Core\Inc\gpio.h
2023-03-16 21:11:23,999 [INFO] CodeEngine:255 - oldGeneratedFile, G:\STM32CubeIDE\workspace_1.6.0\Raptors_krok_cl57t\Core\Src\usart.c_save
2023-03-16 21:11:24,126 [INFO] CodeEngine:279 - Generated code: G:\STM32CubeIDE\workspace_1.6.0\Raptors_krok_cl57t\Core\Src\usart.c
2023-03-16 21:11:24,133 [INFO] CodeEngine:255 - oldGeneratedFile, G:\STM32CubeIDE\workspace_1.6.0\Raptors_krok_cl57t\Core\Inc\usart.h_save
2023-03-16 21:11:24,187 [INFO] CodeEngine:279 - Generated code: G:\STM32CubeIDE\workspace_1.6.0\Raptors_krok_cl57t\Core\Inc\usart.h
2023-03-16 21:11:24,200 [INFO] CodeEngine:255 - oldGeneratedFile, G:\STM32CubeIDE\workspace_1.6.0\Raptors_krok_cl57t\Core\Src\stm32l4xx_it.c_save
2023-03-16 21:11:24,265 [INFO] CodeEngine:279 - Generated code: G:\STM32CubeIDE\workspace_1.6.0\Raptors_krok_cl57t\Core\Src\stm32l4xx_it.c
2023-03-16 21:11:24,272 [INFO] CodeEngine:255 - oldGeneratedFile, G:\STM32CubeIDE\workspace_1.6.0\Raptors_krok_cl57t\Core\Inc\stm32l4xx_it.h_save
2023-03-16 21:11:24,322 [INFO] CodeEngine:279 - Generated code: G:\STM32CubeIDE\workspace_1.6.0\Raptors_krok_cl57t\Core\Inc\stm32l4xx_it.h
2023-03-16 21:11:24,335 [INFO] CodeEngine:255 - oldGeneratedFile, G:\STM32CubeIDE\workspace_1.6.0\Raptors_krok_cl57t\Core\Src\stm32l4xx_hal_msp.c_save
2023-03-16 21:11:24,407 [INFO] CodeEngine:279 - Generated code: G:\STM32CubeIDE\workspace_1.6.0\Raptors_krok_cl57t\Core\Src\stm32l4xx_hal_msp.c
2023-03-16 21:11:24,413 [INFO] CodeEngine:255 - oldGeneratedFile, G:\STM32CubeIDE\workspace_1.6.0\Raptors_krok_cl57t\MXTmpFiles\system.tmp_save
2023-03-16 21:11:24,455 [INFO] CodeEngine:279 - Generated code: G:\STM32CubeIDE\workspace_1.6.0\Raptors_krok_cl57t\MXTmpFiles\system.tmp
2023-03-16 21:11:24,466 [INFO] CodeEngine:311 - oldGeneratedFile, G:\STM32CubeIDE\workspace_1.6.0\Raptors_krok_cl57t\Core\Inc\stm32l4xx_hal_conf.h_save
2023-03-16 21:11:24,525 [INFO] CodeEngine:335 - Generated code: G:\STM32CubeIDE\workspace_1.6.0\Raptors_krok_cl57t\Core\Inc\stm32l4xx_hal_conf.h
2023-03-16 21:11:24,557 [INFO] CodeEngine:255 - oldGeneratedFile, G:\STM32CubeIDE\workspace_1.6.0\Raptors_krok_cl57t\Core\Inc\main.h_save
2023-03-16 21:11:24,630 [INFO] CodeEngine:279 - Generated code: G:\STM32CubeIDE\workspace_1.6.0\Raptors_krok_cl57t\Core\Inc\main.h
2023-03-16 21:11:24,641 [INFO] CodeEngine:255 - oldGeneratedFile, G:\STM32CubeIDE\workspace_1.6.0\Raptors_krok_cl57t\Core\Src\main.c_save
2023-03-16 21:11:24,732 [INFO] CodeEngine:279 - Generated code: G:\STM32CubeIDE\workspace_1.6.0\Raptors_krok_cl57t\Core\Src\main.c
2023-03-16 21:11:25,389 [INFO] ProjectBuilder:2996 - Time for Copy HAL[1] : 282mS.
2023-03-16 21:11:25,398 [INFO] ProjectBuilder:4304 - Project Generator version: 3.19.2
2023-03-16 21:11:25,595 [INFO] ConfigFileManager:1483 - The Die is : DIE435
2023-03-16 21:11:25,609 [INFO] ApiDbMcu:507 - Load IP Config File for FATFS
2023-03-16 21:11:25,617 [INFO] ApiDbMcu:507 - Load IP Config File for FREERTOS
2023-03-16 21:11:25,631 [INFO] ApiDbMcu:507 - Load IP Config File for TOUCHSENSING
2023-03-16 21:11:25,642 [INFO] ApiDbMcu:507 - Load IP Config File for USB_DEVICE
2023-03-16 21:11:26,339 [INFO] LogOutputStream:77 - [STDOUT_REDIRECT] 
2023-03-16 21:11:27,254 [INFO] ProjectBuilder:4505 - Time for Generating toolchain IDE Files: 1856mS.
2023-03-16 21:11:27,255 [INFO] ProjectBuilder:2867 - Time for Copy CMSIS : 1mS.
2023-03-16 21:11:27,256 [INFO] ProjectBuilder:2867 - Time for Copy CMSIS : 0mS.
2023-03-16 21:22:38,088 [INFO] Gpio:273 - dependency for GPIO [RCC, SYS, USART2]
2023-03-16 21:22:57,708 [INFO] NvicIntPanel:101 - NVIC parent = com.st.microxplorer.plugins.ip.nvic.MultiNvicIntPanel[,0,0,0x0,invalid,layout=javax.swing.BoxLayout,alignmentX=0.0,alignmentY=0.0,border=,flags=9,maximumSize=,minimumSize=,preferredSize=]
2023-03-16 21:23:01,019 [INFO] NvicIntPanel:101 - NVIC parent = com.st.microxplorer.plugins.ip.nvic.MultiNvicIntPanel[,0,0,0x0,invalid,layout=javax.swing.BoxLayout,alignmentX=0.0,alignmentY=0.0,border=,flags=9,maximumSize=,minimumSize=,preferredSize=]
2023-03-16 21:23:07,192 [INFO] NvicIntPanel:101 - NVIC parent = com.st.microxplorer.plugins.ip.nvic.MultiNvicIntPanel[,0,0,0x0,invalid,layout=javax.swing.BoxLayout,alignmentX=0.0,alignmentY=0.0,border=,flags=9,maximumSize=,minimumSize=,preferredSize=]
2023-03-16 21:23:41,969 [INFO] NvicIntPanel:101 - NVIC parent = com.st.microxplorer.plugins.ip.nvic.MultiNvicIntPanel[,0,0,0x0,invalid,layout=javax.swing.BoxLayout,alignmentX=0.0,alignmentY=0.0,border=,flags=9,maximumSize=,minimumSize=,preferredSize=]
2023-03-16 21:32:45,752 [INFO] NvicIntPanel:101 - NVIC parent = com.st.microxplorer.plugins.ip.nvic.MultiNvicIntPanel[,0,0,0x0,invalid,layout=javax.swing.BoxLayout,alignmentX=0.0,alignmentY=0.0,border=,flags=9,maximumSize=,minimumSize=,preferredSize=]
2023-03-16 21:32:46,488 [INFO] NvicIntPanel:101 - NVIC parent = com.st.microxplorer.plugins.ip.nvic.MultiNvicIntPanel[,0,0,0x0,invalid,layout=javax.swing.BoxLayout,alignmentX=0.0,alignmentY=0.0,border=,flags=9,maximumSize=,minimumSize=,preferredSize=]
2023-03-16 21:33:24,878 [INFO] UtilMem:75 - End SaveConfig() Used Memory: 429867720 Bytes (744488960)
2023-03-16 21:33:24,920 [INFO] UtilMem:75 - End SaveConfig() Used Memory: 444023544 Bytes (744488960)
2023-03-16 21:33:25,226 [INFO] UtilMem:75 - End SaveConfig() Used Memory: 513694464 Bytes (744488960)
2023-03-16 21:33:25,356 [INFO] BlockDiagram:2759 - set Specific Code input for plugin: NVIC
2023-03-16 21:33:25,356 [INFO] BlockDiagram:2759 - set Specific Code input for plugin: USART
2023-03-16 21:33:25,356 [INFO] BlockDiagram:2759 - set Specific Code input for plugin: TIM1_8L4
2023-03-16 21:33:25,356 [INFO] BlockDiagram:2759 - set Specific Code input for plugin: TIM1_8L4
2023-03-16 21:33:25,356 [INFO] BlockDiagram:2759 - set Specific Code input for plugin: SYS
2023-03-16 21:33:25,357 [INFO] BlockDiagram:2759 - set Specific Code input for plugin: GPIO
2023-03-16 21:33:25,357 [INFO] BlockDiagram:2759 - set Specific Code input for plugin: RCC
2023-03-16 21:33:25,357 [INFO] CodeGenerator:793 - code generatio: config db path: C:\ST\STM32CubeIDE_1.11.2\STM32CubeIDE\plugins\com.st.stm32cube.common.mx_6.8.0.202302231600\\db\
2023-03-16 21:33:25,513 [INFO] CodeEngine:255 - oldGeneratedFile, G:\STM32CubeIDE\workspace_1.6.0\Raptors_krok_cl57t\MXTmpFiles\license.tmp_save
2023-03-16 21:33:25,602 [INFO] CodeEngine:279 - Generated code: G:\STM32CubeIDE\workspace_1.6.0\Raptors_krok_cl57t\MXTmpFiles\license.tmp
2023-03-16 21:33:25,636 [INFO] CodeEngine:255 - oldGeneratedFile, G:\STM32CubeIDE\workspace_1.6.0\Raptors_krok_cl57t\Core\Src\gpio.c_save
2023-03-16 21:33:25,696 [INFO] CodeEngine:279 - Generated code: G:\STM32CubeIDE\workspace_1.6.0\Raptors_krok_cl57t\Core\Src\gpio.c
2023-03-16 21:33:25,699 [INFO] CodeEngine:255 - oldGeneratedFile, G:\STM32CubeIDE\workspace_1.6.0\Raptors_krok_cl57t\Core\Inc\gpio.h_save
2023-03-16 21:33:25,741 [INFO] CodeEngine:279 - Generated code: G:\STM32CubeIDE\workspace_1.6.0\Raptors_krok_cl57t\Core\Inc\gpio.h
2023-03-16 21:33:25,898 [INFO] CodeEngine:255 - oldGeneratedFile, G:\STM32CubeIDE\workspace_1.6.0\Raptors_krok_cl57t\Core\Src\tim.c_save
2023-03-16 21:33:25,987 [INFO] CodeEngine:279 - Generated code: G:\STM32CubeIDE\workspace_1.6.0\Raptors_krok_cl57t\Core\Src\tim.c
2023-03-16 21:33:25,993 [INFO] CodeEngine:255 - oldGeneratedFile, G:\STM32CubeIDE\workspace_1.6.0\Raptors_krok_cl57t\Core\Inc\tim.h_save
2023-03-16 21:33:26,046 [INFO] CodeEngine:279 - Generated code: G:\STM32CubeIDE\workspace_1.6.0\Raptors_krok_cl57t\Core\Inc\tim.h
2023-03-16 21:33:26,055 [INFO] CodeEngine:255 - oldGeneratedFile, G:\STM32CubeIDE\workspace_1.6.0\Raptors_krok_cl57t\Core\Src\usart.c_save
2023-03-16 21:33:26,117 [INFO] CodeEngine:279 - Generated code: G:\STM32CubeIDE\workspace_1.6.0\Raptors_krok_cl57t\Core\Src\usart.c
2023-03-16 21:33:26,119 [INFO] CodeEngine:255 - oldGeneratedFile, G:\STM32CubeIDE\workspace_1.6.0\Raptors_krok_cl57t\Core\Inc\usart.h_save
2023-03-16 21:33:26,161 [INFO] CodeEngine:279 - Generated code: G:\STM32CubeIDE\workspace_1.6.0\Raptors_krok_cl57t\Core\Inc\usart.h
2023-03-16 21:33:26,175 [INFO] CodeEngine:255 - oldGeneratedFile, G:\STM32CubeIDE\workspace_1.6.0\Raptors_krok_cl57t\Core\Src\stm32l4xx_it.c_save
2023-03-16 21:33:26,320 [INFO] CodeEngine:279 - Generated code: G:\STM32CubeIDE\workspace_1.6.0\Raptors_krok_cl57t\Core\Src\stm32l4xx_it.c
2023-03-16 21:33:26,323 [INFO] CodeEngine:255 - oldGeneratedFile, G:\STM32CubeIDE\workspace_1.6.0\Raptors_krok_cl57t\Core\Inc\stm32l4xx_it.h_save
2023-03-16 21:33:26,372 [INFO] CodeEngine:279 - Generated code: G:\STM32CubeIDE\workspace_1.6.0\Raptors_krok_cl57t\Core\Inc\stm32l4xx_it.h
2023-03-16 21:33:26,384 [INFO] CodeEngine:255 - oldGeneratedFile, G:\STM32CubeIDE\workspace_1.6.0\Raptors_krok_cl57t\Core\Src\stm32l4xx_hal_msp.c_save
2023-03-16 21:33:26,442 [INFO] CodeEngine:279 - Generated code: G:\STM32CubeIDE\workspace_1.6.0\Raptors_krok_cl57t\Core\Src\stm32l4xx_hal_msp.c
2023-03-16 21:33:26,445 [INFO] CodeEngine:255 - oldGeneratedFile, G:\STM32CubeIDE\workspace_1.6.0\Raptors_krok_cl57t\MXTmpFiles\system.tmp_save
2023-03-16 21:33:26,487 [INFO] CodeEngine:279 - Generated code: G:\STM32CubeIDE\workspace_1.6.0\Raptors_krok_cl57t\MXTmpFiles\system.tmp
2023-03-16 21:33:26,500 [INFO] CodeEngine:311 - oldGeneratedFile, G:\STM32CubeIDE\workspace_1.6.0\Raptors_krok_cl57t\Core\Inc\stm32l4xx_hal_conf.h_save
2023-03-16 21:33:26,560 [INFO] CodeEngine:335 - Generated code: G:\STM32CubeIDE\workspace_1.6.0\Raptors_krok_cl57t\Core\Inc\stm32l4xx_hal_conf.h
2023-03-16 21:33:26,586 [INFO] CodeEngine:255 - oldGeneratedFile, G:\STM32CubeIDE\workspace_1.6.0\Raptors_krok_cl57t\Core\Inc\main.h_save
2023-03-16 21:33:26,650 [INFO] CodeEngine:279 - Generated code: G:\STM32CubeIDE\workspace_1.6.0\Raptors_krok_cl57t\Core\Inc\main.h
2023-03-16 21:33:26,660 [INFO] CodeEngine:255 - oldGeneratedFile, G:\STM32CubeIDE\workspace_1.6.0\Raptors_krok_cl57t\Core\Src\main.c_save
2023-03-16 21:33:26,726 [INFO] CodeEngine:279 - Generated code: G:\STM32CubeIDE\workspace_1.6.0\Raptors_krok_cl57t\Core\Src\main.c
2023-03-16 21:33:27,157 [INFO] ProjectBuilder:2996 - Time for Copy HAL[1] : 173mS.
2023-03-16 21:33:27,159 [INFO] ProjectBuilder:4304 - Project Generator version: 3.19.2
2023-03-16 21:33:27,289 [INFO] ConfigFileManager:1483 - The Die is : DIE435
2023-03-16 21:33:28,030 [INFO] ProjectBuilder:4505 - Time for Generating toolchain IDE Files: 871mS.
2023-03-16 21:33:28,030 [INFO] ProjectBuilder:2867 - Time for Copy CMSIS : 0mS.
2023-03-16 21:33:28,032 [INFO] ProjectBuilder:2867 - Time for Copy CMSIS : 0mS.
2023-03-16 21:52:38,237 [INFO] Gpio:273 - dependency for GPIO [RCC, SYS, TIM1, USART2]
2023-03-16 21:52:40,828 [INFO] NvicIntPanel:101 - NVIC parent = com.st.microxplorer.plugins.ip.nvic.MultiNvicIntPanel[,2,27,596x685,layout=javax.swing.BoxLayout,alignmentX=0.0,alignmentY=0.0,border=,flags=9,maximumSize=,minimumSize=,preferredSize=]
2023-03-16 21:52:42,036 [INFO] Gpio:273 - dependency for GPIO [RCC, SYS, TIM1, USART2]
2023-03-16 21:53:40,635 [INFO] UtilMem:75 - End SaveConfig() Used Memory: 287501424 Bytes (767557632)
2023-03-16 21:53:40,676 [INFO] UtilMem:75 - End SaveConfig() Used Memory: 301132912 Bytes (767557632)
2023-03-16 21:53:41,066 [INFO] UtilMem:75 - End SaveConfig() Used Memory: 452654192 Bytes (767557632)
2023-03-16 21:53:41,202 [INFO] BlockDiagram:2759 - set Specific Code input for plugin: NVIC
2023-03-16 21:53:41,202 [INFO] BlockDiagram:2759 - set Specific Code input for plugin: USART
2023-03-16 21:53:41,202 [INFO] BlockDiagram:2759 - set Specific Code input for plugin: TIM1_8L4
2023-03-16 21:53:41,202 [INFO] BlockDiagram:2759 - set Specific Code input for plugin: TIM1_8L4
2023-03-16 21:53:41,202 [INFO] BlockDiagram:2759 - set Specific Code input for plugin: SYS
2023-03-16 21:53:41,202 [INFO] BlockDiagram:2759 - set Specific Code input for plugin: GPIO
2023-03-16 21:53:41,202 [INFO] BlockDiagram:2759 - set Specific Code input for plugin: RCC
2023-03-16 21:53:41,203 [INFO] CodeGenerator:793 - code generatio: config db path: C:\ST\STM32CubeIDE_1.11.2\STM32CubeIDE\plugins\com.st.stm32cube.common.mx_6.8.0.202302231600\\db\
2023-03-16 21:53:41,354 [INFO] CodeEngine:255 - oldGeneratedFile, G:\STM32CubeIDE\workspace_1.6.0\Raptors_krok_cl57t\MXTmpFiles\license.tmp_save
2023-03-16 21:53:41,430 [INFO] CodeEngine:279 - Generated code: G:\STM32CubeIDE\workspace_1.6.0\Raptors_krok_cl57t\MXTmpFiles\license.tmp
2023-03-16 21:53:41,464 [INFO] CodeEngine:255 - oldGeneratedFile, G:\STM32CubeIDE\workspace_1.6.0\Raptors_krok_cl57t\Core\Src\gpio.c_save
2023-03-16 21:53:41,531 [INFO] CodeEngine:279 - Generated code: G:\STM32CubeIDE\workspace_1.6.0\Raptors_krok_cl57t\Core\Src\gpio.c
2023-03-16 21:53:41,534 [INFO] CodeEngine:255 - oldGeneratedFile, G:\STM32CubeIDE\workspace_1.6.0\Raptors_krok_cl57t\Core\Inc\gpio.h_save
2023-03-16 21:53:41,579 [INFO] CodeEngine:279 - Generated code: G:\STM32CubeIDE\workspace_1.6.0\Raptors_krok_cl57t\Core\Inc\gpio.h
2023-03-16 21:53:41,678 [INFO] CodeEngine:255 - oldGeneratedFile, G:\STM32CubeIDE\workspace_1.6.0\Raptors_krok_cl57t\Core\Src\tim.c_save
2023-03-16 21:53:41,754 [INFO] CodeEngine:279 - Generated code: G:\STM32CubeIDE\workspace_1.6.0\Raptors_krok_cl57t\Core\Src\tim.c
2023-03-16 21:53:41,756 [INFO] CodeEngine:255 - oldGeneratedFile, G:\STM32CubeIDE\workspace_1.6.0\Raptors_krok_cl57t\Core\Inc\tim.h_save
2023-03-16 21:53:41,806 [INFO] CodeEngine:279 - Generated code: G:\STM32CubeIDE\workspace_1.6.0\Raptors_krok_cl57t\Core\Inc\tim.h
2023-03-16 21:53:41,814 [INFO] CodeEngine:255 - oldGeneratedFile, G:\STM32CubeIDE\workspace_1.6.0\Raptors_krok_cl57t\Core\Src\usart.c_save
2023-03-16 21:53:41,867 [INFO] CodeEngine:279 - Generated code: G:\STM32CubeIDE\workspace_1.6.0\Raptors_krok_cl57t\Core\Src\usart.c
2023-03-16 21:53:41,869 [INFO] CodeEngine:255 - oldGeneratedFile, G:\STM32CubeIDE\workspace_1.6.0\Raptors_krok_cl57t\Core\Inc\usart.h_save
2023-03-16 21:53:41,908 [INFO] CodeEngine:279 - Generated code: G:\STM32CubeIDE\workspace_1.6.0\Raptors_krok_cl57t\Core\Inc\usart.h
2023-03-16 21:53:41,917 [INFO] CodeEngine:255 - oldGeneratedFile, G:\STM32CubeIDE\workspace_1.6.0\Raptors_krok_cl57t\Core\Src\stm32l4xx_it.c_save
2023-03-16 21:53:42,026 [INFO] CodeEngine:279 - Generated code: G:\STM32CubeIDE\workspace_1.6.0\Raptors_krok_cl57t\Core\Src\stm32l4xx_it.c
2023-03-16 21:53:42,029 [INFO] CodeEngine:255 - oldGeneratedFile, G:\STM32CubeIDE\workspace_1.6.0\Raptors_krok_cl57t\Core\Inc\stm32l4xx_it.h_save
2023-03-16 21:53:42,075 [INFO] CodeEngine:279 - Generated code: G:\STM32CubeIDE\workspace_1.6.0\Raptors_krok_cl57t\Core\Inc\stm32l4xx_it.h
2023-03-16 21:53:42,083 [INFO] CodeEngine:255 - oldGeneratedFile, G:\STM32CubeIDE\workspace_1.6.0\Raptors_krok_cl57t\Core\Src\stm32l4xx_hal_msp.c_save
2023-03-16 21:53:42,138 [INFO] CodeEngine:279 - Generated code: G:\STM32CubeIDE\workspace_1.6.0\Raptors_krok_cl57t\Core\Src\stm32l4xx_hal_msp.c
2023-03-16 21:53:42,140 [INFO] CodeEngine:255 - oldGeneratedFile, G:\STM32CubeIDE\workspace_1.6.0\Raptors_krok_cl57t\MXTmpFiles\system.tmp_save
2023-03-16 21:53:42,178 [INFO] CodeEngine:279 - Generated code: G:\STM32CubeIDE\workspace_1.6.0\Raptors_krok_cl57t\MXTmpFiles\system.tmp
2023-03-16 21:53:42,186 [INFO] CodeEngine:311 - oldGeneratedFile, G:\STM32CubeIDE\workspace_1.6.0\Raptors_krok_cl57t\Core\Inc\stm32l4xx_hal_conf.h_save
2023-03-16 21:53:42,243 [INFO] CodeEngine:335 - Generated code: G:\STM32CubeIDE\workspace_1.6.0\Raptors_krok_cl57t\Core\Inc\stm32l4xx_hal_conf.h
2023-03-16 21:53:42,262 [INFO] CodeEngine:255 - oldGeneratedFile, G:\STM32CubeIDE\workspace_1.6.0\Raptors_krok_cl57t\Core\Inc\main.h_save
2023-03-16 21:53:42,329 [INFO] CodeEngine:279 - Generated code: G:\STM32CubeIDE\workspace_1.6.0\Raptors_krok_cl57t\Core\Inc\main.h
2023-03-16 21:53:42,335 [INFO] CodeEngine:255 - oldGeneratedFile, G:\STM32CubeIDE\workspace_1.6.0\Raptors_krok_cl57t\Core\Src\main.c_save
2023-03-16 21:53:42,401 [INFO] CodeEngine:279 - Generated code: G:\STM32CubeIDE\workspace_1.6.0\Raptors_krok_cl57t\Core\Src\main.c
2023-03-16 21:53:42,804 [INFO] ProjectBuilder:2996 - Time for Copy HAL[1] : 166mS.
2023-03-16 21:53:42,806 [INFO] ProjectBuilder:4304 - Project Generator version: 3.19.2
2023-03-16 21:53:42,972 [INFO] ConfigFileManager:1483 - The Die is : DIE435
2023-03-16 21:53:43,649 [INFO] ProjectBuilder:4505 - Time for Generating toolchain IDE Files: 843mS.
2023-03-16 21:53:43,650 [INFO] ProjectBuilder:2867 - Time for Copy CMSIS : 1mS.
2023-03-16 21:53:43,657 [INFO] ProjectBuilder:2867 - Time for Copy CMSIS : 0mS.
2023-03-16 21:54:22,342 [INFO] UtilMem:75 - End SaveConfig() Used Memory: 561637504 Bytes (791674880)
2023-03-16 21:54:22,383 [INFO] UtilMem:75 - End SaveConfig() Used Memory: 575650528 Bytes (791674880)
2023-03-16 21:54:22,736 [INFO] UtilMem:75 - End SaveConfig() Used Memory: 320978560 Bytes (791674880)
2023-03-16 21:54:22,870 [INFO] BlockDiagram:2759 - set Specific Code input for plugin: NVIC
2023-03-16 21:54:22,870 [INFO] BlockDiagram:2759 - set Specific Code input for plugin: USART
2023-03-16 21:54:22,870 [INFO] BlockDiagram:2759 - set Specific Code input for plugin: TIM1_8L4
2023-03-16 21:54:22,870 [INFO] BlockDiagram:2759 - set Specific Code input for plugin: TIM1_8L4
2023-03-16 21:54:22,870 [INFO] BlockDiagram:2759 - set Specific Code input for plugin: SYS
2023-03-16 21:54:22,871 [INFO] BlockDiagram:2759 - set Specific Code input for plugin: GPIO
2023-03-16 21:54:22,871 [INFO] BlockDiagram:2759 - set Specific Code input for plugin: RCC
2023-03-16 21:54:22,871 [INFO] CodeGenerator:793 - code generatio: config db path: C:\ST\STM32CubeIDE_1.11.2\STM32CubeIDE\plugins\com.st.stm32cube.common.mx_6.8.0.202302231600\\db\
2023-03-16 21:54:22,955 [INFO] CodeEngine:255 - oldGeneratedFile, G:\STM32CubeIDE\workspace_1.6.0\Raptors_krok_cl57t\MXTmpFiles\license.tmp_save
2023-03-16 21:54:23,008 [INFO] CodeEngine:279 - Generated code: G:\STM32CubeIDE\workspace_1.6.0\Raptors_krok_cl57t\MXTmpFiles\license.tmp
2023-03-16 21:54:23,034 [INFO] CodeEngine:255 - oldGeneratedFile, G:\STM32CubeIDE\workspace_1.6.0\Raptors_krok_cl57t\Core\Src\gpio.c_save
2023-03-16 21:54:23,098 [INFO] CodeEngine:279 - Generated code: G:\STM32CubeIDE\workspace_1.6.0\Raptors_krok_cl57t\Core\Src\gpio.c
2023-03-16 21:54:23,101 [INFO] CodeEngine:255 - oldGeneratedFile, G:\STM32CubeIDE\workspace_1.6.0\Raptors_krok_cl57t\Core\Inc\gpio.h_save
2023-03-16 21:54:23,142 [INFO] CodeEngine:279 - Generated code: G:\STM32CubeIDE\workspace_1.6.0\Raptors_krok_cl57t\Core\Inc\gpio.h
2023-03-16 21:54:23,279 [INFO] CodeEngine:255 - oldGeneratedFile, G:\STM32CubeIDE\workspace_1.6.0\Raptors_krok_cl57t\Core\Src\tim.c_save
2023-03-16 21:54:23,335 [INFO] CodeEngine:279 - Generated code: G:\STM32CubeIDE\workspace_1.6.0\Raptors_krok_cl57t\Core\Src\tim.c
2023-03-16 21:54:23,337 [INFO] CodeEngine:255 - oldGeneratedFile, G:\STM32CubeIDE\workspace_1.6.0\Raptors_krok_cl57t\Core\Inc\tim.h_save
2023-03-16 21:54:23,379 [INFO] CodeEngine:279 - Generated code: G:\STM32CubeIDE\workspace_1.6.0\Raptors_krok_cl57t\Core\Inc\tim.h
2023-03-16 21:54:23,388 [INFO] CodeEngine:255 - oldGeneratedFile, G:\STM32CubeIDE\workspace_1.6.0\Raptors_krok_cl57t\Core\Src\usart.c_save
2023-03-16 21:54:23,440 [INFO] CodeEngine:279 - Generated code: G:\STM32CubeIDE\workspace_1.6.0\Raptors_krok_cl57t\Core\Src\usart.c
2023-03-16 21:54:23,443 [INFO] CodeEngine:255 - oldGeneratedFile, G:\STM32CubeIDE\workspace_1.6.0\Raptors_krok_cl57t\Core\Inc\usart.h_save
2023-03-16 21:54:23,484 [INFO] CodeEngine:279 - Generated code: G:\STM32CubeIDE\workspace_1.6.0\Raptors_krok_cl57t\Core\Inc\usart.h
2023-03-16 21:54:23,493 [INFO] CodeEngine:255 - oldGeneratedFile, G:\STM32CubeIDE\workspace_1.6.0\Raptors_krok_cl57t\Core\Src\stm32l4xx_it.c_save
2023-03-16 21:54:23,559 [INFO] CodeEngine:279 - Generated code: G:\STM32CubeIDE\workspace_1.6.0\Raptors_krok_cl57t\Core\Src\stm32l4xx_it.c
2023-03-16 21:54:23,561 [INFO] CodeEngine:255 - oldGeneratedFile, G:\STM32CubeIDE\workspace_1.6.0\Raptors_krok_cl57t\Core\Inc\stm32l4xx_it.h_save
2023-03-16 21:54:23,599 [INFO] CodeEngine:279 - Generated code: G:\STM32CubeIDE\workspace_1.6.0\Raptors_krok_cl57t\Core\Inc\stm32l4xx_it.h
2023-03-16 21:54:23,607 [INFO] CodeEngine:255 - oldGeneratedFile, G:\STM32CubeIDE\workspace_1.6.0\Raptors_krok_cl57t\Core\Src\stm32l4xx_hal_msp.c_save
2023-03-16 21:54:23,658 [INFO] CodeEngine:279 - Generated code: G:\STM32CubeIDE\workspace_1.6.0\Raptors_krok_cl57t\Core\Src\stm32l4xx_hal_msp.c
2023-03-16 21:54:23,660 [INFO] CodeEngine:255 - oldGeneratedFile, G:\STM32CubeIDE\workspace_1.6.0\Raptors_krok_cl57t\MXTmpFiles\system.tmp_save
2023-03-16 21:54:23,696 [INFO] CodeEngine:279 - Generated code: G:\STM32CubeIDE\workspace_1.6.0\Raptors_krok_cl57t\MXTmpFiles\system.tmp
2023-03-16 21:54:23,703 [INFO] CodeEngine:311 - oldGeneratedFile, G:\STM32CubeIDE\workspace_1.6.0\Raptors_krok_cl57t\Core\Inc\stm32l4xx_hal_conf.h_save
2023-03-16 21:54:23,760 [INFO] CodeEngine:335 - Generated code: G:\STM32CubeIDE\workspace_1.6.0\Raptors_krok_cl57t\Core\Inc\stm32l4xx_hal_conf.h
2023-03-16 21:54:23,775 [INFO] CodeEngine:255 - oldGeneratedFile, G:\STM32CubeIDE\workspace_1.6.0\Raptors_krok_cl57t\Core\Inc\main.h_save
2023-03-16 21:54:23,831 [INFO] CodeEngine:279 - Generated code: G:\STM32CubeIDE\workspace_1.6.0\Raptors_krok_cl57t\Core\Inc\main.h
2023-03-16 21:54:23,838 [INFO] CodeEngine:255 - oldGeneratedFile, G:\STM32CubeIDE\workspace_1.6.0\Raptors_krok_cl57t\Core\Src\main.c_save
2023-03-16 21:54:23,889 [INFO] CodeEngine:279 - Generated code: G:\STM32CubeIDE\workspace_1.6.0\Raptors_krok_cl57t\Core\Src\main.c
2023-03-16 21:54:24,317 [INFO] ProjectBuilder:2996 - Time for Copy HAL[1] : 171mS.
2023-03-16 21:54:24,319 [INFO] ProjectBuilder:4304 - Project Generator version: 3.19.2
2023-03-16 21:54:24,445 [INFO] ConfigFileManager:1483 - The Die is : DIE435
2023-03-16 21:54:25,154 [INFO] ProjectBuilder:4505 - Time for Generating toolchain IDE Files: 834mS.
2023-03-16 21:54:25,154 [INFO] ProjectBuilder:2867 - Time for Copy CMSIS : 0mS.
2023-03-16 21:54:25,155 [INFO] ProjectBuilder:2867 - Time for Copy CMSIS : 0mS.
